\BOOKMARK [0][-]{chapter.1}{Optische Spektroskopie}{}% 1
\BOOKMARK [1][-]{section.1.1}{Vorbereitung}{chapter.1}% 2
\BOOKMARK [1][-]{section.1.2}{Durchf\374hrung}{chapter.1}% 3
\BOOKMARK [2][-]{subsection.1.2.1}{Allgemeine Hinweise}{section.1.2}% 4
\BOOKMARK [2][-]{subsection.1.2.2}{Einf\374hrende Versuche}{section.1.2}% 5
\BOOKMARK [2][-]{subsection.1.2.3}{Erzeugung verschiedener Farbtemperaturen mit einem Gl\374hl\344mpchen}{section.1.2}% 6
\BOOKMARK [2][-]{subsection.1.2.4}{Auswertung des Sonnenspektrums}{section.1.2}% 7
\BOOKMARK [2][-]{subsection.1.2.5}{Bestimmung chemischer Elemente}{section.1.2}% 8
\BOOKMARK [2][-]{subsection.1.2.6}{Additive Farbmischung}{section.1.2}% 9
\BOOKMARK [0][-]{chapter.2}{Lichtbeugung an Spalt und Gitter}{}% 10
\BOOKMARK [1][-]{section.2.1}{Vorbereitung}{chapter.2}% 11
\BOOKMARK [1][-]{section.2.2}{Durchf\374hrung}{chapter.2}% 12
\BOOKMARK [2][-]{subsection.2.2.1}{Beugungsbild des Einfachspaltes}{section.2.2}% 13
\BOOKMARK [2][-]{subsection.2.2.2}{Beugungsbild des Doppelspaltes}{section.2.2}% 14
\BOOKMARK [2][-]{subsection.2.2.3}{Beugungsbild eines optischen Gitters}{section.2.2}% 15
\BOOKMARK [0][-]{chapter.3}{Optische Ger\344te}{}% 16
\BOOKMARK [1][-]{section.3.1}{Fragen zur Vorbereitung}{chapter.3}% 17
\BOOKMARK [1][-]{section.3.2}{Durchf\374hrung}{chapter.3}% 18
\BOOKMARK [2][-]{subsection.3.2.1}{Lupe}{section.3.2}% 19
\BOOKMARK [2][-]{subsection.3.2.2}{Astronomisches Fernrohr}{section.3.2}% 20
\BOOKMARK [2][-]{subsection.3.2.3}{Terrestrisches Fernrohr}{section.3.2}% 21
\BOOKMARK [2][-]{subsection.3.2.4}{Holl\344ndisches Fernrohr}{section.3.2}% 22
\BOOKMARK [2][-]{subsection.3.2.5}{Spiegelteleskop}{section.3.2}% 23
\BOOKMARK [2][-]{subsection.3.2.6}{Diaprojektor}{section.3.2}% 24
\BOOKMARK [2][-]{subsection.3.2.7}{Mikroskop}{section.3.2}% 25
\BOOKMARK [0][-]{chapter.4}{Bestimmung des Planck'schen Wirkungsquantums}{}% 26
\BOOKMARK [1][-]{section.4.1}{Vorbereitung}{chapter.4}% 27
\BOOKMARK [1][-]{section.4.2}{Durchf\374hrung}{chapter.4}% 28
\BOOKMARK [2][-]{subsection.4.2.1}{Farbfilter}{section.4.2}% 29
\BOOKMARK [2][-]{subsection.4.2.2}{Bestimmung der Wellenl\344nge der LEDs}{section.4.2}% 30
\BOOKMARK [2][-]{subsection.4.2.3}{Bestimmung des Planck'schen Wirkungsquantums}{section.4.2}% 31
\BOOKMARK [0][-]{chapter.5}{Gekoppelte Pendel}{}% 32
\BOOKMARK [1][-]{section.5.1}{Fragen zur Vorbereitung}{chapter.5}% 33
\BOOKMARK [1][-]{section.5.2}{Durchf\374hrung}{chapter.5}% 34
\BOOKMARK [0][-]{chapter.6}{Spezifische Ladung e/m des Elektrons}{}% 35
\BOOKMARK [1][-]{section.6.1}{Vorbereitung}{chapter.6}% 36
\BOOKMARK [1][-]{section.6.2}{Durchf\374hrung}{chapter.6}% 37
\BOOKMARK [2][-]{subsection.6.2.1}{Thomson-R\366hre}{section.6.2}% 38
\BOOKMARK [2][-]{subsection.6.2.2}{Doppelstrahlr\366hre}{section.6.2}% 39
\BOOKMARK [0][-]{chapter.7}{Polarisation des Lichts}{}% 40
\BOOKMARK [1][-]{section.7.1}{Vorbereitung}{chapter.7}% 41
\BOOKMARK [1][-]{section.7.2}{Durchf\374hrung}{chapter.7}% 42
\BOOKMARK [2][-]{subsection.7.2.1}{Doppelbrechung}{section.7.2}% 43
\BOOKMARK [2][-]{subsection.7.2.2}{Gesetz von Malus}{section.7.2}% 44
\BOOKMARK [2][-]{subsection.7.2.3}{/4-Pl\344ttchen}{section.7.2}% 45
\BOOKMARK [2][-]{subsection.7.2.4}{/2-Pl\344ttchen}{section.7.2}% 46
\BOOKMARK [2][-]{subsection.7.2.5}{selbstgebaut...}{section.7.2}% 47
\BOOKMARK [2][-]{subsection.7.2.6}{Beobachtungen}{section.7.2}% 48
